{"/home/mbb10324/Projects/figura/src/lib/Figura.tsx": {"path":"/home/mbb10324/Projects/figura/src/lib/Figura.tsx","statementMap":{"0":{"start":{"line":16,"column":54},"end":{"line":16,"column":59}},"1":{"start":{"line":17,"column":36},"end":{"line":17,"column":47}},"2":{"start":{"line":18,"column":30},"end":{"line":18,"column":45}},"3":{"start":{"line":22,"column":20},"end":{"line":28,"column":10}},"4":{"start":{"line":23,"column":8},"end":{"line":26,"column":11}},"5":{"start":{"line":31,"column":36},"end":{"line":31,"column":38}},"6":{"start":{"line":33,"column":4},"end":{"line":46,"column":5}},"7":{"start":{"line":35,"column":8},"end":{"line":45,"column":11}},"8":{"start":{"line":37,"column":12},"end":{"line":44,"column":13}},"9":{"start":{"line":39,"column":34},"end":{"line":39,"column":68}},"10":{"start":{"line":41,"column":41},"end":{"line":41,"column":129}},"11":{"start":{"line":43,"column":16},"end":{"line":43,"column":106}},"12":{"start":{"line":49,"column":28},"end":{"line":64,"column":6}},"13":{"start":{"line":50,"column":8},"end":{"line":62,"column":9}},"14":{"start":{"line":52,"column":12},"end":{"line":61,"column":13}},"15":{"start":{"line":53,"column":16},"end":{"line":55,"column":19}},"16":{"start":{"line":57,"column":16},"end":{"line":60,"column":19}},"17":{"start":{"line":63,"column":8},"end":{"line":63,"column":21}},"18":{"start":{"line":68,"column":8},"end":{"line":68,"column":23}},"19":{"start":{"line":70,"column":8},"end":{"line":70,"column":41}},"20":{"start":{"line":74,"column":4},"end":{"line":80,"column":16}},"21":{"start":{"line":76,"column":8},"end":{"line":76,"column":24}},"22":{"start":{"line":78,"column":8},"end":{"line":78,"column":65}},"23":{"start":{"line":82,"column":4},"end":{"line":93,"column":6}},"24":{"start":{"line":87,"column":35},"end":{"line":87,"column":95}},"25":{"start":{"line":88,"column":33},"end":{"line":88,"column":45}}},"fnMap":{"0":{"name":"Figura","decl":{"start":{"line":15,"column":24},"end":{"line":15,"column":30}},"loc":{"start":{"line":15,"column":51},"end":{"line":94,"column":1}},"line":15},"1":{"name":"(anonymous_1)","decl":{"start":{"line":22,"column":32},"end":{"line":22,"column":33}},"loc":{"start":{"line":22,"column":79},"end":{"line":28,"column":5}},"line":22},"2":{"name":"(anonymous_2)","decl":{"start":{"line":35,"column":25},"end":{"line":35,"column":26}},"loc":{"start":{"line":35,"column":36},"end":{"line":45,"column":9}},"line":35},"3":{"name":"(anonymous_3)","decl":{"start":{"line":49,"column":57},"end":{"line":49,"column":58}},"loc":{"start":{"line":49,"column":68},"end":{"line":64,"column":5}},"line":49},"4":{"name":"resetForm","decl":{"start":{"line":66,"column":13},"end":{"line":66,"column":22}},"loc":{"start":{"line":66,"column":25},"end":{"line":71,"column":5}},"line":66},"5":{"name":"(anonymous_5)","decl":{"start":{"line":74,"column":14},"end":{"line":74,"column":15}},"loc":{"start":{"line":74,"column":20},"end":{"line":80,"column":5}},"line":74},"6":{"name":"(anonymous_6)","decl":{"start":{"line":87,"column":26},"end":{"line":87,"column":27}},"loc":{"start":{"line":87,"column":33},"end":{"line":87,"column":97}},"line":87},"7":{"name":"(anonymous_7)","decl":{"start":{"line":88,"column":25},"end":{"line":88,"column":26}},"loc":{"start":{"line":88,"column":31},"end":{"line":88,"column":47}},"line":88}},"branchMap":{"0":{"loc":{"start":{"line":33,"column":4},"end":{"line":46,"column":5}},"type":"if","locations":[{"start":{"line":33,"column":4},"end":{"line":46,"column":5}},{"start":{},"end":{}}],"line":33},"1":{"loc":{"start":{"line":33,"column":8},"end":{"line":33,"column":43}},"type":"binary-expr","locations":[{"start":{"line":33,"column":8},"end":{"line":33,"column":16}},{"start":{"line":33,"column":20},"end":{"line":33,"column":43}}],"line":33},"2":{"loc":{"start":{"line":37,"column":12},"end":{"line":44,"column":13}},"type":"if","locations":[{"start":{"line":37,"column":12},"end":{"line":44,"column":13}},{"start":{},"end":{}}],"line":37},"3":{"loc":{"start":{"line":41,"column":41},"end":{"line":41,"column":129}},"type":"cond-expr","locations":[{"start":{"line":41,"column":65},"end":{"line":41,"column":86}},{"start":{"line":41,"column":89},"end":{"line":41,"column":129}}],"line":41},"4":{"loc":{"start":{"line":50,"column":8},"end":{"line":62,"column":9}},"type":"if","locations":[{"start":{"line":50,"column":8},"end":{"line":62,"column":9}},{"start":{},"end":{}}],"line":50},"5":{"loc":{"start":{"line":52,"column":12},"end":{"line":61,"column":13}},"type":"if","locations":[{"start":{"line":52,"column":12},"end":{"line":61,"column":13}},{"start":{"line":56,"column":19},"end":{"line":61,"column":13}}],"line":52},"6":{"loc":{"start":{"line":86,"column":30},"end":{"line":86,"column":66}},"type":"cond-expr","locations":[{"start":{"line":86,"column":42},"end":{"line":86,"column":51}},{"start":{"line":86,"column":54},"end":{"line":86,"column":66}}],"line":86}},"s":{"0":0,"1":0,"2":0,"3":0,"4":0,"5":0,"6":0,"7":0,"8":0,"9":0,"10":0,"11":0,"12":0,"13":0,"14":0,"15":0,"16":0,"17":0,"18":0,"19":0,"20":0,"21":0,"22":0,"23":0,"24":0,"25":0},"f":{"0":0,"1":0,"2":0,"3":0,"4":0,"5":0,"6":0,"7":0},"b":{"0":[0,0],"1":[0,0],"2":[0,0],"3":[0,0],"4":[0,0],"5":[0,0],"6":[0,0]}}
,"/home/mbb10324/Projects/figura/src/lib/FiguraUtils/FiguraReducer.tsx": {"path":"/home/mbb10324/Projects/figura/src/lib/FiguraUtils/FiguraReducer.tsx","statementMap":{"0":{"start":{"line":6,"column":43},"end":{"line":6,"column":156}},"1":{"start":{"line":9,"column":4},"end":{"line":61,"column":5}},"2":{"start":{"line":13,"column":12},"end":{"line":27,"column":13}},"3":{"start":{"line":14,"column":35},"end":{"line":14,"column":57}},"4":{"start":{"line":15,"column":34},"end":{"line":15,"column":36}},"5":{"start":{"line":17,"column":38},"end":{"line":23,"column":22}},"6":{"start":{"line":18,"column":48},"end":{"line":18,"column":83}},"7":{"start":{"line":19,"column":20},"end":{"line":21,"column":21}},"8":{"start":{"line":20,"column":24},"end":{"line":20,"column":196}},"9":{"start":{"line":22,"column":20},"end":{"line":22,"column":59}},"10":{"start":{"line":24,"column":16},"end":{"line":24,"column":37}},"11":{"start":{"line":26,"column":16},"end":{"line":26,"column":29}},"12":{"start":{"line":30,"column":12},"end":{"line":39,"column":13}},"13":{"start":{"line":31,"column":91},"end":{"line":31,"column":102}},"14":{"start":{"line":32,"column":16},"end":{"line":36,"column":18}},"15":{"start":{"line":38,"column":16},"end":{"line":38,"column":29}},"16":{"start":{"line":42,"column":12},"end":{"line":52,"column":13}},"17":{"start":{"line":43,"column":55},"end":{"line":43,"column":66}},"18":{"start":{"line":45,"column":44},"end":{"line":45,"column":79}},"19":{"start":{"line":46,"column":16},"end":{"line":49,"column":18}},"20":{"start":{"line":51,"column":16},"end":{"line":51,"column":29}},"21":{"start":{"line":57,"column":12},"end":{"line":57,"column":22}},"22":{"start":{"line":60,"column":12},"end":{"line":60,"column":25}},"23":{"start":{"line":65,"column":34},"end":{"line":65,"column":76}},"24":{"start":{"line":66,"column":4},"end":{"line":69,"column":6}}},"fnMap":{"0":{"name":"formsReducer","decl":{"start":{"line":8,"column":16},"end":{"line":8,"column":28}},"loc":{"start":{"line":8,"column":63},"end":{"line":62,"column":1}},"line":8},"1":{"name":"(anonymous_1)","decl":{"start":{"line":17,"column":67},"end":{"line":17,"column":68}},"loc":{"start":{"line":17,"column":87},"end":{"line":23,"column":17}},"line":17},"2":{"name":"useFigura","decl":{"start":{"line":64,"column":16},"end":{"line":64,"column":25}},"loc":{"start":{"line":64,"column":28},"end":{"line":70,"column":1}},"line":64}},"branchMap":{"0":{"loc":{"start":{"line":9,"column":4},"end":{"line":61,"column":5}},"type":"switch","locations":[{"start":{"line":11,"column":8},"end":{"line":27,"column":13}},{"start":{"line":29,"column":8},"end":{"line":39,"column":13}},{"start":{"line":41,"column":8},"end":{"line":52,"column":13}},{"start":{"line":55,"column":8},"end":{"line":57,"column":22}},{"start":{"line":59,"column":8},"end":{"line":60,"column":25}}],"line":9},"1":{"loc":{"start":{"line":13,"column":12},"end":{"line":27,"column":13}},"type":"if","locations":[{"start":{"line":13,"column":12},"end":{"line":27,"column":13}},{"start":{"line":25,"column":19},"end":{"line":27,"column":13}}],"line":13},"2":{"loc":{"start":{"line":13,"column":16},"end":{"line":13,"column":53}},"type":"binary-expr","locations":[{"start":{"line":13,"column":16},"end":{"line":13,"column":27}},{"start":{"line":13,"column":31},"end":{"line":13,"column":53}}],"line":13},"3":{"loc":{"start":{"line":19,"column":20},"end":{"line":21,"column":21}},"type":"if","locations":[{"start":{"line":19,"column":20},"end":{"line":21,"column":21}},{"start":{},"end":{}}],"line":19},"4":{"loc":{"start":{"line":30,"column":12},"end":{"line":39,"column":13}},"type":"if","locations":[{"start":{"line":30,"column":12},"end":{"line":39,"column":13}},{"start":{"line":37,"column":19},"end":{"line":39,"column":13}}],"line":30},"5":{"loc":{"start":{"line":30,"column":16},"end":{"line":30,"column":47}},"type":"binary-expr","locations":[{"start":{"line":30,"column":16},"end":{"line":30,"column":27}},{"start":{"line":30,"column":31},"end":{"line":30,"column":47}}],"line":30},"6":{"loc":{"start":{"line":42,"column":12},"end":{"line":52,"column":13}},"type":"if","locations":[{"start":{"line":42,"column":12},"end":{"line":52,"column":13}},{"start":{"line":50,"column":19},"end":{"line":52,"column":13}}],"line":42},"7":{"loc":{"start":{"line":42,"column":16},"end":{"line":42,"column":84}},"type":"binary-expr","locations":[{"start":{"line":42,"column":16},"end":{"line":42,"column":27}},{"start":{"line":42,"column":31},"end":{"line":42,"column":47}},{"start":{"line":42,"column":51},"end":{"line":42,"column":84}}],"line":42}},"s":{"0":1,"1":14,"2":4,"3":3,"4":3,"5":3,"6":2,"7":2,"8":1,"9":2,"10":3,"11":1,"12":3,"13":1,"14":1,"15":2,"16":4,"17":2,"18":2,"19":2,"20":2,"21":2,"22":1,"23":3,"24":3},"f":{"0":14,"1":2,"2":3},"b":{"0":[4,3,4,2,1],"1":[3,1],"2":[4,3],"3":[1,1],"4":[1,2],"5":[3,2],"6":[2,2],"7":[4,3,2]},"_coverageSchema":"1a1c01bbd47fc00a2c39e90264f33305004495a9","hash":"3a1d7acd1b0b740b350ac61d6a14c51ba98cfdc8"}
,"/home/mbb10324/Projects/figura/src/lib/FiguraUtils/FiguraTypes.tsx": {"path":"/home/mbb10324/Projects/figura/src/lib/FiguraUtils/FiguraTypes.tsx","statementMap":{},"fnMap":{},"branchMap":{},"s":{},"f":{},"b":{}}
,"/home/mbb10324/Projects/figura/src/lib/FiguraUtils/FormSubmitHandler.tsx": {"path":"/home/mbb10324/Projects/figura/src/lib/FiguraUtils/FormSubmitHandler.tsx","statementMap":{"0":{"start":{"line":6,"column":4},"end":{"line":6,"column":23}},"1":{"start":{"line":7,"column":19},"end":{"line":7,"column":23}},"2":{"start":{"line":8,"column":24},"end":{"line":8,"column":29}},"3":{"start":{"line":9,"column":39},"end":{"line":9,"column":41}},"4":{"start":{"line":10,"column":4},"end":{"line":24,"column":5}},"5":{"start":{"line":12,"column":21},"end":{"line":12,"column":36}},"6":{"start":{"line":13,"column":40},"end":{"line":13,"column":44}},"7":{"start":{"line":15,"column":23},"end":{"line":15,"column":106}},"8":{"start":{"line":16,"column":8},"end":{"line":18,"column":9}},"9":{"start":{"line":17,"column":12},"end":{"line":17,"column":29}},"10":{"start":{"line":20,"column":8},"end":{"line":23,"column":9}},"11":{"start":{"line":21,"column":12},"end":{"line":21,"column":31}},"12":{"start":{"line":22,"column":12},"end":{"line":22,"column":33}},"13":{"start":{"line":26,"column":4},"end":{"line":28,"column":5}},"14":{"start":{"line":27,"column":8},"end":{"line":27,"column":23}}},"fnMap":{"0":{"name":"formSubmitHandler","decl":{"start":{"line":4,"column":22},"end":{"line":4,"column":39}},"loc":{"start":{"line":5,"column":102},"end":{"line":29,"column":1}},"line":5}},"branchMap":{"0":{"loc":{"start":{"line":16,"column":8},"end":{"line":18,"column":9}},"type":"if","locations":[{"start":{"line":16,"column":8},"end":{"line":18,"column":9}},{"start":{},"end":{}}],"line":16},"1":{"loc":{"start":{"line":20,"column":8},"end":{"line":23,"column":9}},"type":"if","locations":[{"start":{"line":20,"column":8},"end":{"line":23,"column":9}},{"start":{},"end":{}}],"line":20},"2":{"loc":{"start":{"line":20,"column":12},"end":{"line":20,"column":70}},"type":"binary-expr","locations":[{"start":{"line":20,"column":12},"end":{"line":20,"column":38}},{"start":{"line":20,"column":42},"end":{"line":20,"column":47}},{"start":{"line":20,"column":51},"end":{"line":20,"column":70}}],"line":20},"3":{"loc":{"start":{"line":26,"column":4},"end":{"line":28,"column":5}},"type":"if","locations":[{"start":{"line":26,"column":4},"end":{"line":28,"column":5}},{"start":{},"end":{}}],"line":26},"4":{"loc":{"start":{"line":26,"column":8},"end":{"line":26,"column":45}},"type":"binary-expr","locations":[{"start":{"line":26,"column":8},"end":{"line":26,"column":16}},{"start":{"line":26,"column":20},"end":{"line":26,"column":33}},{"start":{"line":26,"column":37},"end":{"line":26,"column":45}}],"line":26}},"s":{"0":4,"1":4,"2":4,"3":4,"4":4,"5":4,"6":4,"7":4,"8":4,"9":1,"10":4,"11":3,"12":3,"13":4,"14":1},"f":{"0":4},"b":{"0":[1,3],"1":[3,1],"2":[4,3,3],"3":[1,3],"4":[4,3,2]},"_coverageSchema":"1a1c01bbd47fc00a2c39e90264f33305004495a9","hash":"f650770091176b125fd506bb3c60ea7034230b60"}
,"/home/mbb10324/Projects/figura/src/lib/FiguraUtils/Validation.tsx": {"path":"/home/mbb10324/Projects/figura/src/lib/FiguraUtils/Validation.tsx","statementMap":{"0":{"start":{"line":5,"column":4},"end":{"line":9,"column":5}},"1":{"start":{"line":6,"column":8},"end":{"line":6,"column":71}},"2":{"start":{"line":7,"column":11},"end":{"line":9,"column":5}},"3":{"start":{"line":8,"column":8},"end":{"line":8,"column":84}},"4":{"start":{"line":10,"column":4},"end":{"line":10,"column":42}},"5":{"start":{"line":15,"column":4},"end":{"line":19,"column":5}},"6":{"start":{"line":16,"column":8},"end":{"line":16,"column":66}},"7":{"start":{"line":17,"column":11},"end":{"line":19,"column":5}},"8":{"start":{"line":18,"column":8},"end":{"line":18,"column":58}},"9":{"start":{"line":20,"column":4},"end":{"line":20,"column":42}},"10":{"start":{"line":25,"column":25},"end":{"line":25,"column":99}},"11":{"start":{"line":26,"column":4},"end":{"line":30,"column":5}},"12":{"start":{"line":27,"column":8},"end":{"line":27,"column":69}},"13":{"start":{"line":28,"column":11},"end":{"line":30,"column":5}},"14":{"start":{"line":29,"column":8},"end":{"line":29,"column":168}},"15":{"start":{"line":31,"column":4},"end":{"line":31,"column":42}},"16":{"start":{"line":36,"column":4},"end":{"line":38,"column":5}},"17":{"start":{"line":37,"column":8},"end":{"line":37,"column":73}},"18":{"start":{"line":39,"column":24},"end":{"line":39,"column":28}},"19":{"start":{"line":40,"column":4},"end":{"line":47,"column":5}},"20":{"start":{"line":41,"column":21},"end":{"line":41,"column":36}},"21":{"start":{"line":42,"column":25},"end":{"line":42,"column":29}},"22":{"start":{"line":43,"column":8},"end":{"line":46,"column":9}},"23":{"start":{"line":44,"column":12},"end":{"line":44,"column":34}},"24":{"start":{"line":45,"column":12},"end":{"line":45,"column":18}},"25":{"start":{"line":48,"column":4},"end":{"line":52,"column":5}},"26":{"start":{"line":49,"column":8},"end":{"line":49,"column":46}},"27":{"start":{"line":51,"column":8},"end":{"line":51,"column":73}},"28":{"start":{"line":57,"column":4},"end":{"line":61,"column":5}},"29":{"start":{"line":58,"column":8},"end":{"line":58,"column":66}},"30":{"start":{"line":59,"column":11},"end":{"line":61,"column":5}},"31":{"start":{"line":60,"column":8},"end":{"line":60,"column":85}},"32":{"start":{"line":62,"column":4},"end":{"line":62,"column":42}},"33":{"start":{"line":67,"column":4},"end":{"line":69,"column":5}},"34":{"start":{"line":68,"column":8},"end":{"line":68,"column":69}},"35":{"start":{"line":70,"column":4},"end":{"line":70,"column":42}},"36":{"start":{"line":75,"column":4},"end":{"line":77,"column":5}},"37":{"start":{"line":76,"column":8},"end":{"line":76,"column":72}},"38":{"start":{"line":78,"column":4},"end":{"line":78,"column":42}},"39":{"start":{"line":83,"column":21},"end":{"line":83,"column":36}},"40":{"start":{"line":84,"column":4},"end":{"line":88,"column":5}},"41":{"start":{"line":85,"column":8},"end":{"line":85,"column":69}},"42":{"start":{"line":86,"column":11},"end":{"line":88,"column":5}},"43":{"start":{"line":87,"column":8},"end":{"line":87,"column":63}},"44":{"start":{"line":89,"column":4},"end":{"line":89,"column":42}},"45":{"start":{"line":94,"column":4},"end":{"line":96,"column":5}},"46":{"start":{"line":95,"column":8},"end":{"line":95,"column":68}},"47":{"start":{"line":97,"column":4},"end":{"line":97,"column":42}},"48":{"start":{"line":102,"column":4},"end":{"line":106,"column":5}},"49":{"start":{"line":103,"column":8},"end":{"line":103,"column":65}},"50":{"start":{"line":104,"column":11},"end":{"line":106,"column":5}},"51":{"start":{"line":105,"column":8},"end":{"line":105,"column":64}},"52":{"start":{"line":107,"column":4},"end":{"line":107,"column":42}},"53":{"start":{"line":112,"column":4},"end":{"line":116,"column":5}},"54":{"start":{"line":113,"column":8},"end":{"line":113,"column":65}},"55":{"start":{"line":114,"column":11},"end":{"line":116,"column":5}},"56":{"start":{"line":115,"column":8},"end":{"line":115,"column":75}},"57":{"start":{"line":117,"column":4},"end":{"line":117,"column":42}},"58":{"start":{"line":122,"column":4},"end":{"line":124,"column":5}},"59":{"start":{"line":123,"column":8},"end":{"line":123,"column":97}},"60":{"start":{"line":125,"column":4},"end":{"line":125,"column":42}},"61":{"start":{"line":130,"column":21},"end":{"line":130,"column":36}},"62":{"start":{"line":131,"column":4},"end":{"line":133,"column":5}},"63":{"start":{"line":132,"column":8},"end":{"line":132,"column":61}},"64":{"start":{"line":134,"column":4},"end":{"line":136,"column":5}},"65":{"start":{"line":135,"column":8},"end":{"line":135,"column":96}},"66":{"start":{"line":137,"column":4},"end":{"line":137,"column":42}},"67":{"start":{"line":142,"column":21},"end":{"line":142,"column":95}},"68":{"start":{"line":143,"column":4},"end":{"line":147,"column":5}},"69":{"start":{"line":144,"column":8},"end":{"line":144,"column":59}},"70":{"start":{"line":145,"column":11},"end":{"line":147,"column":5}},"71":{"start":{"line":146,"column":8},"end":{"line":146,"column":72}},"72":{"start":{"line":148,"column":4},"end":{"line":148,"column":42}},"73":{"start":{"line":153,"column":21},"end":{"line":153,"column":95}},"74":{"start":{"line":154,"column":4},"end":{"line":158,"column":5}},"75":{"start":{"line":155,"column":8},"end":{"line":155,"column":68}},"76":{"start":{"line":156,"column":11},"end":{"line":158,"column":5}},"77":{"start":{"line":157,"column":8},"end":{"line":157,"column":72}},"78":{"start":{"line":159,"column":4},"end":{"line":159,"column":42}},"79":{"start":{"line":164,"column":4},"end":{"line":166,"column":5}},"80":{"start":{"line":165,"column":8},"end":{"line":165,"column":111}},"81":{"start":{"line":167,"column":4},"end":{"line":167,"column":42}},"82":{"start":{"line":172,"column":4},"end":{"line":174,"column":5}},"83":{"start":{"line":173,"column":8},"end":{"line":173,"column":59}},"84":{"start":{"line":175,"column":4},"end":{"line":175,"column":42}},"85":{"start":{"line":180,"column":4},"end":{"line":182,"column":5}},"86":{"start":{"line":181,"column":8},"end":{"line":181,"column":59}},"87":{"start":{"line":183,"column":4},"end":{"line":183,"column":42}},"88":{"start":{"line":188,"column":4},"end":{"line":190,"column":5}},"89":{"start":{"line":189,"column":8},"end":{"line":189,"column":60}},"90":{"start":{"line":191,"column":4},"end":{"line":191,"column":42}},"91":{"start":{"line":196,"column":4},"end":{"line":198,"column":5}},"92":{"start":{"line":197,"column":8},"end":{"line":197,"column":58}},"93":{"start":{"line":199,"column":4},"end":{"line":199,"column":42}},"94":{"start":{"line":204,"column":4},"end":{"line":208,"column":5}},"95":{"start":{"line":205,"column":8},"end":{"line":205,"column":58}},"96":{"start":{"line":206,"column":11},"end":{"line":208,"column":5}},"97":{"start":{"line":207,"column":8},"end":{"line":207,"column":64}},"98":{"start":{"line":209,"column":4},"end":{"line":209,"column":42}},"99":{"start":{"line":214,"column":4},"end":{"line":216,"column":5}},"100":{"start":{"line":215,"column":8},"end":{"line":215,"column":61}},"101":{"start":{"line":217,"column":4},"end":{"line":217,"column":42}}},"fnMap":{"0":{"name":"validateText","decl":{"start":{"line":4,"column":16},"end":{"line":4,"column":28}},"loc":{"start":{"line":4,"column":44},"end":{"line":11,"column":1}},"line":4},"1":{"name":"validateEmail","decl":{"start":{"line":14,"column":16},"end":{"line":14,"column":29}},"loc":{"start":{"line":14,"column":45},"end":{"line":21,"column":1}},"line":14},"2":{"name":"validatePassword","decl":{"start":{"line":24,"column":16},"end":{"line":24,"column":32}},"loc":{"start":{"line":24,"column":48},"end":{"line":32,"column":1}},"line":24},"3":{"name":"validateConfirmPassword","decl":{"start":{"line":35,"column":16},"end":{"line":35,"column":39}},"loc":{"start":{"line":35,"column":77},"end":{"line":53,"column":1}},"line":35},"4":{"name":"validatePhone","decl":{"start":{"line":56,"column":16},"end":{"line":56,"column":29}},"loc":{"start":{"line":56,"column":45},"end":{"line":63,"column":1}},"line":56},"5":{"name":"validateCheck","decl":{"start":{"line":66,"column":16},"end":{"line":66,"column":29}},"loc":{"start":{"line":66,"column":45},"end":{"line":71,"column":1}},"line":66},"6":{"name":"validateRadio","decl":{"start":{"line":74,"column":16},"end":{"line":74,"column":29}},"loc":{"start":{"line":74,"column":45},"end":{"line":79,"column":1}},"line":74},"7":{"name":"validateRange","decl":{"start":{"line":82,"column":16},"end":{"line":82,"column":29}},"loc":{"start":{"line":82,"column":45},"end":{"line":90,"column":1}},"line":82},"8":{"name":"validateSelect","decl":{"start":{"line":93,"column":16},"end":{"line":93,"column":30}},"loc":{"start":{"line":93,"column":46},"end":{"line":98,"column":1}},"line":93},"9":{"name":"validateTime","decl":{"start":{"line":101,"column":16},"end":{"line":101,"column":28}},"loc":{"start":{"line":101,"column":44},"end":{"line":108,"column":1}},"line":101},"10":{"name":"validateTimeMilitary","decl":{"start":{"line":111,"column":16},"end":{"line":111,"column":36}},"loc":{"start":{"line":111,"column":52},"end":{"line":118,"column":1}},"line":111},"11":{"name":"validateTextArea","decl":{"start":{"line":121,"column":16},"end":{"line":121,"column":32}},"loc":{"start":{"line":121,"column":48},"end":{"line":126,"column":1}},"line":121},"12":{"name":"validateNumber","decl":{"start":{"line":129,"column":16},"end":{"line":129,"column":30}},"loc":{"start":{"line":129,"column":46},"end":{"line":138,"column":1}},"line":129},"13":{"name":"validateDate","decl":{"start":{"line":141,"column":16},"end":{"line":141,"column":28}},"loc":{"start":{"line":141,"column":44},"end":{"line":149,"column":1}},"line":141},"14":{"name":"validateDateLocal","decl":{"start":{"line":152,"column":16},"end":{"line":152,"column":33}},"loc":{"start":{"line":152,"column":49},"end":{"line":160,"column":1}},"line":152},"15":{"name":"validateHidden","decl":{"start":{"line":163,"column":16},"end":{"line":163,"column":30}},"loc":{"start":{"line":163,"column":46},"end":{"line":168,"column":1}},"line":163},"16":{"name":"validateColor","decl":{"start":{"line":171,"column":16},"end":{"line":171,"column":29}},"loc":{"start":{"line":171,"column":45},"end":{"line":176,"column":1}},"line":171},"17":{"name":"validateWeek","decl":{"start":{"line":179,"column":16},"end":{"line":179,"column":28}},"loc":{"start":{"line":179,"column":44},"end":{"line":184,"column":1}},"line":179},"18":{"name":"validateMonth","decl":{"start":{"line":187,"column":16},"end":{"line":187,"column":29}},"loc":{"start":{"line":187,"column":45},"end":{"line":192,"column":1}},"line":187},"19":{"name":"validateFile","decl":{"start":{"line":195,"column":16},"end":{"line":195,"column":28}},"loc":{"start":{"line":195,"column":44},"end":{"line":200,"column":1}},"line":195},"20":{"name":"validateUrl","decl":{"start":{"line":203,"column":16},"end":{"line":203,"column":27}},"loc":{"start":{"line":203,"column":43},"end":{"line":210,"column":1}},"line":203},"21":{"name":"validateButtonGroup","decl":{"start":{"line":213,"column":16},"end":{"line":213,"column":35}},"loc":{"start":{"line":213,"column":51},"end":{"line":218,"column":1}},"line":213}},"branchMap":{"0":{"loc":{"start":{"line":5,"column":4},"end":{"line":9,"column":5}},"type":"if","locations":[{"start":{"line":5,"column":4},"end":{"line":9,"column":5}},{"start":{"line":7,"column":11},"end":{"line":9,"column":5}}],"line":5},"1":{"loc":{"start":{"line":7,"column":11},"end":{"line":9,"column":5}},"type":"if","locations":[{"start":{"line":7,"column":11},"end":{"line":9,"column":5}},{"start":{},"end":{}}],"line":7},"2":{"loc":{"start":{"line":15,"column":4},"end":{"line":19,"column":5}},"type":"if","locations":[{"start":{"line":15,"column":4},"end":{"line":19,"column":5}},{"start":{"line":17,"column":11},"end":{"line":19,"column":5}}],"line":15},"3":{"loc":{"start":{"line":17,"column":11},"end":{"line":19,"column":5}},"type":"if","locations":[{"start":{"line":17,"column":11},"end":{"line":19,"column":5}},{"start":{},"end":{}}],"line":17},"4":{"loc":{"start":{"line":26,"column":4},"end":{"line":30,"column":5}},"type":"if","locations":[{"start":{"line":26,"column":4},"end":{"line":30,"column":5}},{"start":{"line":28,"column":11},"end":{"line":30,"column":5}}],"line":26},"5":{"loc":{"start":{"line":28,"column":11},"end":{"line":30,"column":5}},"type":"if","locations":[{"start":{"line":28,"column":11},"end":{"line":30,"column":5}},{"start":{},"end":{}}],"line":28},"6":{"loc":{"start":{"line":36,"column":4},"end":{"line":38,"column":5}},"type":"if","locations":[{"start":{"line":36,"column":4},"end":{"line":38,"column":5}},{"start":{},"end":{}}],"line":36},"7":{"loc":{"start":{"line":43,"column":8},"end":{"line":46,"column":9}},"type":"if","locations":[{"start":{"line":43,"column":8},"end":{"line":46,"column":9}},{"start":{},"end":{}}],"line":43},"8":{"loc":{"start":{"line":43,"column":12},"end":{"line":43,"column":55}},"type":"binary-expr","locations":[{"start":{"line":43,"column":12},"end":{"line":43,"column":31}},{"start":{"line":43,"column":35},"end":{"line":43,"column":55}}],"line":43},"9":{"loc":{"start":{"line":48,"column":4},"end":{"line":52,"column":5}},"type":"if","locations":[{"start":{"line":48,"column":4},"end":{"line":52,"column":5}},{"start":{"line":50,"column":11},"end":{"line":52,"column":5}}],"line":48},"10":{"loc":{"start":{"line":57,"column":4},"end":{"line":61,"column":5}},"type":"if","locations":[{"start":{"line":57,"column":4},"end":{"line":61,"column":5}},{"start":{"line":59,"column":11},"end":{"line":61,"column":5}}],"line":57},"11":{"loc":{"start":{"line":59,"column":11},"end":{"line":61,"column":5}},"type":"if","locations":[{"start":{"line":59,"column":11},"end":{"line":61,"column":5}},{"start":{},"end":{}}],"line":59},"12":{"loc":{"start":{"line":67,"column":4},"end":{"line":69,"column":5}},"type":"if","locations":[{"start":{"line":67,"column":4},"end":{"line":69,"column":5}},{"start":{},"end":{}}],"line":67},"13":{"loc":{"start":{"line":67,"column":8},"end":{"line":67,"column":55}},"type":"binary-expr","locations":[{"start":{"line":67,"column":8},"end":{"line":67,"column":32}},{"start":{"line":67,"column":36},"end":{"line":67,"column":55}}],"line":67},"14":{"loc":{"start":{"line":75,"column":4},"end":{"line":77,"column":5}},"type":"if","locations":[{"start":{"line":75,"column":4},"end":{"line":77,"column":5}},{"start":{},"end":{}}],"line":75},"15":{"loc":{"start":{"line":75,"column":8},"end":{"line":75,"column":55}},"type":"binary-expr","locations":[{"start":{"line":75,"column":8},"end":{"line":75,"column":32}},{"start":{"line":75,"column":36},"end":{"line":75,"column":55}}],"line":75},"16":{"loc":{"start":{"line":84,"column":4},"end":{"line":88,"column":5}},"type":"if","locations":[{"start":{"line":84,"column":4},"end":{"line":88,"column":5}},{"start":{"line":86,"column":11},"end":{"line":88,"column":5}}],"line":84},"17":{"loc":{"start":{"line":86,"column":11},"end":{"line":88,"column":5}},"type":"if","locations":[{"start":{"line":86,"column":11},"end":{"line":88,"column":5}},{"start":{},"end":{}}],"line":86},"18":{"loc":{"start":{"line":86,"column":15},"end":{"line":86,"column":45}},"type":"binary-expr","locations":[{"start":{"line":86,"column":15},"end":{"line":86,"column":29}},{"start":{"line":86,"column":33},"end":{"line":86,"column":45}}],"line":86},"19":{"loc":{"start":{"line":94,"column":4},"end":{"line":96,"column":5}},"type":"if","locations":[{"start":{"line":94,"column":4},"end":{"line":96,"column":5}},{"start":{},"end":{}}],"line":94},"20":{"loc":{"start":{"line":102,"column":4},"end":{"line":106,"column":5}},"type":"if","locations":[{"start":{"line":102,"column":4},"end":{"line":106,"column":5}},{"start":{"line":104,"column":11},"end":{"line":106,"column":5}}],"line":102},"21":{"loc":{"start":{"line":104,"column":11},"end":{"line":106,"column":5}},"type":"if","locations":[{"start":{"line":104,"column":11},"end":{"line":106,"column":5}},{"start":{},"end":{}}],"line":104},"22":{"loc":{"start":{"line":112,"column":4},"end":{"line":116,"column":5}},"type":"if","locations":[{"start":{"line":112,"column":4},"end":{"line":116,"column":5}},{"start":{"line":114,"column":11},"end":{"line":116,"column":5}}],"line":112},"23":{"loc":{"start":{"line":114,"column":11},"end":{"line":116,"column":5}},"type":"if","locations":[{"start":{"line":114,"column":11},"end":{"line":116,"column":5}},{"start":{},"end":{}}],"line":114},"24":{"loc":{"start":{"line":122,"column":4},"end":{"line":124,"column":5}},"type":"if","locations":[{"start":{"line":122,"column":4},"end":{"line":124,"column":5}},{"start":{},"end":{}}],"line":122},"25":{"loc":{"start":{"line":131,"column":4},"end":{"line":133,"column":5}},"type":"if","locations":[{"start":{"line":131,"column":4},"end":{"line":133,"column":5}},{"start":{},"end":{}}],"line":131},"26":{"loc":{"start":{"line":134,"column":4},"end":{"line":136,"column":5}},"type":"if","locations":[{"start":{"line":134,"column":4},"end":{"line":136,"column":5}},{"start":{},"end":{}}],"line":134},"27":{"loc":{"start":{"line":134,"column":8},"end":{"line":134,"column":49}},"type":"binary-expr","locations":[{"start":{"line":134,"column":8},"end":{"line":134,"column":26}},{"start":{"line":134,"column":30},"end":{"line":134,"column":49}}],"line":134},"28":{"loc":{"start":{"line":143,"column":4},"end":{"line":147,"column":5}},"type":"if","locations":[{"start":{"line":143,"column":4},"end":{"line":147,"column":5}},{"start":{"line":145,"column":11},"end":{"line":147,"column":5}}],"line":143},"29":{"loc":{"start":{"line":145,"column":11},"end":{"line":147,"column":5}},"type":"if","locations":[{"start":{"line":145,"column":11},"end":{"line":147,"column":5}},{"start":{},"end":{}}],"line":145},"30":{"loc":{"start":{"line":154,"column":4},"end":{"line":158,"column":5}},"type":"if","locations":[{"start":{"line":154,"column":4},"end":{"line":158,"column":5}},{"start":{"line":156,"column":11},"end":{"line":158,"column":5}}],"line":154},"31":{"loc":{"start":{"line":156,"column":11},"end":{"line":158,"column":5}},"type":"if","locations":[{"start":{"line":156,"column":11},"end":{"line":158,"column":5}},{"start":{},"end":{}}],"line":156},"32":{"loc":{"start":{"line":164,"column":4},"end":{"line":166,"column":5}},"type":"if","locations":[{"start":{"line":164,"column":4},"end":{"line":166,"column":5}},{"start":{},"end":{}}],"line":164},"33":{"loc":{"start":{"line":172,"column":4},"end":{"line":174,"column":5}},"type":"if","locations":[{"start":{"line":172,"column":4},"end":{"line":174,"column":5}},{"start":{},"end":{}}],"line":172},"34":{"loc":{"start":{"line":180,"column":4},"end":{"line":182,"column":5}},"type":"if","locations":[{"start":{"line":180,"column":4},"end":{"line":182,"column":5}},{"start":{},"end":{}}],"line":180},"35":{"loc":{"start":{"line":188,"column":4},"end":{"line":190,"column":5}},"type":"if","locations":[{"start":{"line":188,"column":4},"end":{"line":190,"column":5}},{"start":{},"end":{}}],"line":188},"36":{"loc":{"start":{"line":196,"column":4},"end":{"line":198,"column":5}},"type":"if","locations":[{"start":{"line":196,"column":4},"end":{"line":198,"column":5}},{"start":{},"end":{}}],"line":196},"37":{"loc":{"start":{"line":204,"column":4},"end":{"line":208,"column":5}},"type":"if","locations":[{"start":{"line":204,"column":4},"end":{"line":208,"column":5}},{"start":{"line":206,"column":11},"end":{"line":208,"column":5}}],"line":204},"38":{"loc":{"start":{"line":206,"column":11},"end":{"line":208,"column":5}},"type":"if","locations":[{"start":{"line":206,"column":11},"end":{"line":208,"column":5}},{"start":{},"end":{}}],"line":206},"39":{"loc":{"start":{"line":214,"column":4},"end":{"line":216,"column":5}},"type":"if","locations":[{"start":{"line":214,"column":4},"end":{"line":216,"column":5}},{"start":{},"end":{}}],"line":214}},"s":{"0":3,"1":1,"2":2,"3":1,"4":1,"5":3,"6":1,"7":2,"8":1,"9":1,"10":3,"11":3,"12":1,"13":2,"14":1,"15":1,"16":3,"17":1,"18":2,"19":2,"20":2,"21":2,"22":2,"23":1,"24":1,"25":2,"26":1,"27":1,"28":3,"29":1,"30":2,"31":1,"32":1,"33":3,"34":2,"35":1,"36":3,"37":2,"38":1,"39":3,"40":3,"41":1,"42":2,"43":1,"44":1,"45":2,"46":1,"47":1,"48":3,"49":1,"50":2,"51":1,"52":1,"53":3,"54":1,"55":2,"56":1,"57":1,"58":2,"59":1,"60":1,"61":3,"62":3,"63":1,"64":2,"65":1,"66":1,"67":3,"68":3,"69":1,"70":2,"71":1,"72":1,"73":3,"74":3,"75":1,"76":2,"77":1,"78":1,"79":2,"80":1,"81":1,"82":2,"83":1,"84":1,"85":2,"86":1,"87":1,"88":2,"89":1,"90":1,"91":2,"92":1,"93":1,"94":3,"95":1,"96":2,"97":1,"98":1,"99":2,"100":1,"101":1},"f":{"0":3,"1":3,"2":3,"3":3,"4":3,"5":3,"6":3,"7":3,"8":2,"9":3,"10":3,"11":2,"12":3,"13":3,"14":3,"15":2,"16":2,"17":2,"18":2,"19":2,"20":3,"21":2},"b":{"0":[1,2],"1":[1,1],"2":[1,2],"3":[1,1],"4":[1,2],"5":[1,1],"6":[1,2],"7":[1,1],"8":[2,2],"9":[1,1],"10":[1,2],"11":[1,1],"12":[2,1],"13":[3,2],"14":[2,1],"15":[3,2],"16":[1,2],"17":[1,1],"18":[2,1],"19":[1,1],"20":[1,2],"21":[1,1],"22":[1,2],"23":[1,1],"24":[1,1],"25":[1,2],"26":[1,1],"27":[2,1],"28":[1,2],"29":[1,1],"30":[1,2],"31":[1,1],"32":[1,1],"33":[1,1],"34":[1,1],"35":[1,1],"36":[1,1],"37":[1,2],"38":[1,1],"39":[1,1]},"_coverageSchema":"1a1c01bbd47fc00a2c39e90264f33305004495a9","hash":"7cde59d286f264793c9932e501de985e1ad05f9f"}
,"/home/mbb10324/Projects/figura/src/lib/FiguraUtils/ValidationUtils.tsx": {"path":"/home/mbb10324/Projects/figura/src/lib/FiguraUtils/ValidationUtils.tsx","statementMap":{"0":{"start":{"line":5,"column":21},"end":{"line":5,"column":36}},"1":{"start":{"line":7,"column":31},"end":{"line":7,"column":49}},"2":{"start":{"line":9,"column":4},"end":{"line":17,"column":5}},"3":{"start":{"line":10,"column":36},"end":{"line":10,"column":72}},"4":{"start":{"line":12,"column":8},"end":{"line":15,"column":11}},"5":{"start":{"line":16,"column":8},"end":{"line":16,"column":24}},"6":{"start":{"line":23,"column":47},"end":{"line":46,"column":5}},"7":{"start":{"line":47,"column":4},"end":{"line":47,"column":34}},"8":{"start":{"line":53,"column":49},"end":{"line":76,"column":5}},"9":{"start":{"line":77,"column":4},"end":{"line":77,"column":40}},"10":{"start":{"line":82,"column":4},"end":{"line":82,"column":53}},"11":{"start":{"line":82,"column":15},"end":{"line":82,"column":53}},"12":{"start":{"line":83,"column":4},"end":{"line":83,"column":42}},"13":{"start":{"line":88,"column":20},"end":{"line":88,"column":22}},"14":{"start":{"line":89,"column":4},"end":{"line":89,"column":55}},"15":{"start":{"line":89,"column":26},"end":{"line":89,"column":55}},"16":{"start":{"line":90,"column":4},"end":{"line":90,"column":76}},"17":{"start":{"line":90,"column":49},"end":{"line":90,"column":76}},"18":{"start":{"line":91,"column":4},"end":{"line":91,"column":21}}},"fnMap":{"0":{"name":"checkForErrors","decl":{"start":{"line":4,"column":22},"end":{"line":4,"column":36}},"loc":{"start":{"line":4,"column":197},"end":{"line":18,"column":1}},"line":4},"1":{"name":"typeMapper","decl":{"start":{"line":22,"column":16},"end":{"line":22,"column":26}},"loc":{"start":{"line":22,"column":41},"end":{"line":48,"column":1}},"line":22},"2":{"name":"validationMapper","decl":{"start":{"line":52,"column":16},"end":{"line":52,"column":32}},"loc":{"start":{"line":52,"column":47},"end":{"line":78,"column":1}},"line":52},"3":{"name":"fallBack","decl":{"start":{"line":81,"column":16},"end":{"line":81,"column":24}},"loc":{"start":{"line":81,"column":41},"end":{"line":84,"column":1}},"line":81},"4":{"name":"defineDefaultValues","decl":{"start":{"line":87,"column":16},"end":{"line":87,"column":35}},"loc":{"start":{"line":87,"column":62},"end":{"line":92,"column":1}},"line":87}},"branchMap":{"0":{"loc":{"start":{"line":9,"column":4},"end":{"line":17,"column":5}},"type":"if","locations":[{"start":{"line":9,"column":4},"end":{"line":17,"column":5}},{"start":{},"end":{}}],"line":9},"1":{"loc":{"start":{"line":47,"column":11},"end":{"line":47,"column":33}},"type":"binary-expr","locations":[{"start":{"line":47,"column":11},"end":{"line":47,"column":27}},{"start":{"line":47,"column":31},"end":{"line":47,"column":33}}],"line":47},"2":{"loc":{"start":{"line":77,"column":11},"end":{"line":77,"column":39}},"type":"binary-expr","locations":[{"start":{"line":77,"column":11},"end":{"line":77,"column":27}},{"start":{"line":77,"column":31},"end":{"line":77,"column":39}}],"line":77},"3":{"loc":{"start":{"line":82,"column":4},"end":{"line":82,"column":53}},"type":"if","locations":[{"start":{"line":82,"column":4},"end":{"line":82,"column":53}},{"start":{},"end":{}}],"line":82},"4":{"loc":{"start":{"line":89,"column":4},"end":{"line":89,"column":55}},"type":"if","locations":[{"start":{"line":89,"column":4},"end":{"line":89,"column":55}},{"start":{},"end":{}}],"line":89},"5":{"loc":{"start":{"line":90,"column":4},"end":{"line":90,"column":76}},"type":"if","locations":[{"start":{"line":90,"column":4},"end":{"line":90,"column":76}},{"start":{},"end":{}}],"line":90},"6":{"loc":{"start":{"line":90,"column":8},"end":{"line":90,"column":47}},"type":"binary-expr","locations":[{"start":{"line":90,"column":8},"end":{"line":90,"column":24}},{"start":{"line":90,"column":28},"end":{"line":90,"column":47}}],"line":90}},"s":{"0":2,"1":2,"2":2,"3":1,"4":1,"5":1,"6":2,"7":2,"8":2,"9":2,"10":3,"11":2,"12":1,"13":6,"14":6,"15":1,"16":5,"17":2,"18":3},"f":{"0":2,"1":2,"2":2,"3":3,"4":6},"b":{"0":[1,1],"1":[2,1],"2":[2,1],"3":[2,1],"4":[1,5],"5":[2,3],"6":[5,4]},"_coverageSchema":"1a1c01bbd47fc00a2c39e90264f33305004495a9","hash":"a3edf7e81c69fd492987e81c96e7a796cc548542"}
}
