TN:
SF:src/lib/Figura.tsx
FN:15,Figura
FN:22,(anonymous_1)
FN:35,(anonymous_2)
FN:49,(anonymous_3)
FN:66,resetForm
FN:74,(anonymous_5)
FN:87,(anonymous_6)
FN:88,(anonymous_7)
FNF:8
FNH:0
FNDA:0,Figura
FNDA:0,(anonymous_1)
FNDA:0,(anonymous_2)
FNDA:0,(anonymous_3)
FNDA:0,resetForm
FNDA:0,(anonymous_5)
FNDA:0,(anonymous_6)
FNDA:0,(anonymous_7)
DA:16,0
DA:17,0
DA:18,0
DA:22,0
DA:23,0
DA:31,0
DA:33,0
DA:35,0
DA:37,0
DA:39,0
DA:41,0
DA:43,0
DA:49,0
DA:50,0
DA:52,0
DA:53,0
DA:57,0
DA:63,0
DA:68,0
DA:70,0
DA:74,0
DA:76,0
DA:78,0
DA:82,0
DA:87,0
DA:88,0
LF:26
LH:0
BRDA:33,0,0,0
BRDA:33,0,1,0
BRDA:33,1,0,0
BRDA:33,1,1,0
BRDA:37,2,0,0
BRDA:37,2,1,0
BRDA:41,3,0,0
BRDA:41,3,1,0
BRDA:50,4,0,0
BRDA:50,4,1,0
BRDA:52,5,0,0
BRDA:52,5,1,0
BRDA:86,6,0,0
BRDA:86,6,1,0
BRF:14
BRH:0
end_of_record
TN:
SF:src/lib/FiguraUtils/FiguraReducer.tsx
FN:8,formsReducer
FN:17,(anonymous_1)
FN:64,useFigura
FNF:3
FNH:3
FNDA:14,formsReducer
FNDA:2,(anonymous_1)
FNDA:3,useFigura
DA:6,1
DA:9,14
DA:13,4
DA:14,3
DA:15,3
DA:17,3
DA:18,2
DA:19,2
DA:20,1
DA:22,2
DA:24,3
DA:26,1
DA:30,3
DA:31,1
DA:32,1
DA:38,2
DA:42,4
DA:43,2
DA:45,2
DA:46,2
DA:51,2
DA:57,2
DA:60,1
DA:65,3
DA:66,3
LF:25
LH:25
BRDA:9,0,0,4
BRDA:9,0,1,3
BRDA:9,0,2,4
BRDA:9,0,3,2
BRDA:9,0,4,1
BRDA:13,1,0,3
BRDA:13,1,1,1
BRDA:13,2,0,4
BRDA:13,2,1,3
BRDA:19,3,0,1
BRDA:19,3,1,1
BRDA:30,4,0,1
BRDA:30,4,1,2
BRDA:30,5,0,3
BRDA:30,5,1,2
BRDA:42,6,0,2
BRDA:42,6,1,2
BRDA:42,7,0,4
BRDA:42,7,1,3
BRDA:42,7,2,2
BRF:20
BRH:20
end_of_record
TN:
SF:src/lib/FiguraUtils/FiguraTypes.tsx
FNF:0
FNH:0
LF:0
LH:0
BRF:0
BRH:0
end_of_record
TN:
SF:src/lib/FiguraUtils/FormSubmitHandler.tsx
FN:4,formSubmitHandler
FNF:1
FNH:1
FNDA:4,formSubmitHandler
DA:6,4
DA:7,4
DA:8,4
DA:9,4
DA:10,4
DA:12,4
DA:13,4
DA:15,4
DA:16,4
DA:17,1
DA:20,4
DA:21,3
DA:22,3
DA:26,4
DA:27,1
LF:15
LH:15
BRDA:16,0,0,1
BRDA:16,0,1,3
BRDA:20,1,0,3
BRDA:20,1,1,1
BRDA:20,2,0,4
BRDA:20,2,1,3
BRDA:20,2,2,3
BRDA:26,3,0,1
BRDA:26,3,1,3
BRDA:26,4,0,4
BRDA:26,4,1,3
BRDA:26,4,2,2
BRF:12
BRH:12
end_of_record
TN:
SF:src/lib/FiguraUtils/Validation.tsx
FN:4,validateText
FN:14,validateEmail
FN:24,validatePassword
FN:35,validateConfirmPassword
FN:56,validatePhone
FN:66,validateCheck
FN:74,validateRadio
FN:82,validateRange
FN:93,validateSelect
FN:101,validateTime
FN:111,validateTimeMilitary
FN:121,validateTextArea
FN:129,validateNumber
FN:141,validateDate
FN:152,validateDateLocal
FN:163,validateHidden
FN:171,validateColor
FN:179,validateWeek
FN:187,validateMonth
FN:195,validateFile
FN:203,validateUrl
FN:213,validateButtonGroup
FNF:22
FNH:22
FNDA:3,validateText
FNDA:3,validateEmail
FNDA:3,validatePassword
FNDA:3,validateConfirmPassword
FNDA:3,validatePhone
FNDA:3,validateCheck
FNDA:3,validateRadio
FNDA:3,validateRange
FNDA:2,validateSelect
FNDA:3,validateTime
FNDA:3,validateTimeMilitary
FNDA:2,validateTextArea
FNDA:3,validateNumber
FNDA:3,validateDate
FNDA:3,validateDateLocal
FNDA:2,validateHidden
FNDA:2,validateColor
FNDA:2,validateWeek
FNDA:2,validateMonth
FNDA:2,validateFile
FNDA:3,validateUrl
FNDA:2,validateButtonGroup
DA:5,3
DA:6,1
DA:7,2
DA:8,1
DA:10,1
DA:15,3
DA:16,1
DA:17,2
DA:18,1
DA:20,1
DA:25,3
DA:26,3
DA:27,1
DA:28,2
DA:29,1
DA:31,1
DA:36,3
DA:37,1
DA:39,2
DA:40,2
DA:41,2
DA:42,2
DA:43,2
DA:44,1
DA:45,1
DA:48,2
DA:49,1
DA:51,1
DA:57,3
DA:58,1
DA:59,2
DA:60,1
DA:62,1
DA:67,3
DA:68,2
DA:70,1
DA:75,3
DA:76,2
DA:78,1
DA:83,3
DA:84,3
DA:85,1
DA:86,2
DA:87,1
DA:89,1
DA:94,2
DA:95,1
DA:97,1
DA:102,3
DA:103,1
DA:104,2
DA:105,1
DA:107,1
DA:112,3
DA:113,1
DA:114,2
DA:115,1
DA:117,1
DA:122,2
DA:123,1
DA:125,1
DA:130,3
DA:131,3
DA:132,1
DA:134,2
DA:135,1
DA:137,1
DA:142,3
DA:143,3
DA:144,1
DA:145,2
DA:146,1
DA:148,1
DA:153,3
DA:154,3
DA:155,1
DA:156,2
DA:157,1
DA:159,1
DA:164,2
DA:165,1
DA:167,1
DA:172,2
DA:173,1
DA:175,1
DA:180,2
DA:181,1
DA:183,1
DA:188,2
DA:189,1
DA:191,1
DA:196,2
DA:197,1
DA:199,1
DA:204,3
DA:205,1
DA:206,2
DA:207,1
DA:209,1
DA:214,2
DA:215,1
DA:217,1
LF:102
LH:102
BRDA:5,0,0,1
BRDA:5,0,1,2
BRDA:7,1,0,1
BRDA:7,1,1,1
BRDA:15,2,0,1
BRDA:15,2,1,2
BRDA:17,3,0,1
BRDA:17,3,1,1
BRDA:26,4,0,1
BRDA:26,4,1,2
BRDA:28,5,0,1
BRDA:28,5,1,1
BRDA:36,6,0,1
BRDA:36,6,1,2
BRDA:43,7,0,1
BRDA:43,7,1,1
BRDA:43,8,0,2
BRDA:43,8,1,2
BRDA:48,9,0,1
BRDA:48,9,1,1
BRDA:57,10,0,1
BRDA:57,10,1,2
BRDA:59,11,0,1
BRDA:59,11,1,1
BRDA:67,12,0,2
BRDA:67,12,1,1
BRDA:67,13,0,3
BRDA:67,13,1,2
BRDA:75,14,0,2
BRDA:75,14,1,1
BRDA:75,15,0,3
BRDA:75,15,1,2
BRDA:84,16,0,1
BRDA:84,16,1,2
BRDA:86,17,0,1
BRDA:86,17,1,1
BRDA:86,18,0,2
BRDA:86,18,1,1
BRDA:94,19,0,1
BRDA:94,19,1,1
BRDA:102,20,0,1
BRDA:102,20,1,2
BRDA:104,21,0,1
BRDA:104,21,1,1
BRDA:112,22,0,1
BRDA:112,22,1,2
BRDA:114,23,0,1
BRDA:114,23,1,1
BRDA:122,24,0,1
BRDA:122,24,1,1
BRDA:131,25,0,1
BRDA:131,25,1,2
BRDA:134,26,0,1
BRDA:134,26,1,1
BRDA:134,27,0,2
BRDA:134,27,1,1
BRDA:143,28,0,1
BRDA:143,28,1,2
BRDA:145,29,0,1
BRDA:145,29,1,1
BRDA:154,30,0,1
BRDA:154,30,1,2
BRDA:156,31,0,1
BRDA:156,31,1,1
BRDA:164,32,0,1
BRDA:164,32,1,1
BRDA:172,33,0,1
BRDA:172,33,1,1
BRDA:180,34,0,1
BRDA:180,34,1,1
BRDA:188,35,0,1
BRDA:188,35,1,1
BRDA:196,36,0,1
BRDA:196,36,1,1
BRDA:204,37,0,1
BRDA:204,37,1,2
BRDA:206,38,0,1
BRDA:206,38,1,1
BRDA:214,39,0,1
BRDA:214,39,1,1
BRF:80
BRH:80
end_of_record
TN:
SF:src/lib/FiguraUtils/ValidationUtils.tsx
FN:4,checkForErrors
FN:22,typeMapper
FN:52,validationMapper
FN:81,fallBack
FN:87,defineDefaultValues
FNF:5
FNH:5
FNDA:2,checkForErrors
FNDA:2,typeMapper
FNDA:2,validationMapper
FNDA:3,fallBack
FNDA:6,defineDefaultValues
DA:5,2
DA:7,2
DA:9,2
DA:10,1
DA:12,1
DA:16,1
DA:23,2
DA:47,2
DA:53,2
DA:77,2
DA:82,3
DA:83,1
DA:88,6
DA:89,6
DA:90,5
DA:91,3
LF:16
LH:16
BRDA:9,0,0,1
BRDA:9,0,1,1
BRDA:47,1,0,2
BRDA:47,1,1,1
BRDA:77,2,0,2
BRDA:77,2,1,1
BRDA:82,3,0,2
BRDA:82,3,1,1
BRDA:89,4,0,1
BRDA:89,4,1,5
BRDA:90,5,0,2
BRDA:90,5,1,3
BRDA:90,6,0,5
BRDA:90,6,1,4
BRF:14
BRH:14
end_of_record
